<?xml version="1.0" encoding="UTF-8"?>
<coverage generated="1500185639572" clover="3.2.0">
  <project timestamp="1500185639573" name="All files">
    <metrics statements="31" coveredstatements="25" conditionals="12" coveredconditionals="10" methods="20" coveredmethods="12" elements="63" coveredelements="47" complexity="0" loc="31" ncloc="31" packages="2" files="7" classes="7">
      <package name="js">
        <metrics statements="16" coveredstatements="13" conditionals="2" coveredconditionals="1" methods="11" coveredmethods="8"/>
        <file name="Header.jsx" path="C:\Users\Rhaps\Desktop\React\Review\js\Header.jsx">
          <metrics statements="8" coveredstatements="5" conditionals="2" coveredconditionals="1" methods="6" coveredmethods="3"/>
          <line num="6" count="1" type="stmt"/>
          <line num="11" count="1" type="cond" truecount="1" falsecount="1"/>
          <line num="13" count="0" type="stmt"/>
          <line num="21" count="1" type="stmt"/>
          <line num="24" count="0" type="stmt"/>
          <line num="33" count="1" type="stmt"/>
          <line num="36" count="1" type="stmt"/>
          <line num="37" count="0" type="stmt"/>
        </file>
        <file name="Search.jsx" path="C:\Users\Rhaps\Desktop\React\Review\js\Search.jsx">
          <metrics statements="6" coveredstatements="6" conditionals="0" coveredconditionals="0" methods="4" coveredmethods="4"/>
          <line num="6" count="1" type="stmt"/>
          <line num="10" count="3" type="stmt"/>
          <line num="16" count="96" type="stmt"/>
          <line num="20" count="66" type="stmt"/>
          <line num="24" count="1" type="stmt"/>
          <line num="25" count="1" type="stmt"/>
        </file>
        <file name="ShowCard.jsx" path="C:\Users\Rhaps\Desktop\React\Review\js\ShowCard.jsx">
          <metrics statements="2" coveredstatements="2" conditionals="0" coveredconditionals="0" methods="1" coveredmethods="1"/>
          <line num="4" count="1" type="stmt"/>
          <line num="11" count="2" type="stmt"/>
        </file>
      </package>
      <package name="js.redux">
        <metrics statements="15" coveredstatements="12" conditionals="10" coveredconditionals="9" methods="9" coveredmethods="4"/>
        <file name="actionCreators.jsx" path="C:\Users\Rhaps\Desktop\React\Review\js\redux\actionCreators.jsx">
          <metrics statements="6" coveredstatements="3" conditionals="0" coveredconditionals="0" methods="6" coveredmethods="1"/>
          <line num="5" count="1" type="stmt"/>
          <line num="9" count="1" type="stmt"/>
          <line num="14" count="1" type="stmt"/>
          <line num="15" count="0" type="stmt"/>
          <line num="18" count="0" type="stmt"/>
          <line num="20" count="0" type="stmt"/>
        </file>
        <file name="actions.jsx" path="C:\Users\Rhaps\Desktop\React\Review\js\redux\actions.jsx">
          <metrics statements="2" coveredstatements="2" conditionals="0" coveredconditionals="0" methods="0" coveredmethods="0"/>
          <line num="1" count="2" type="stmt"/>
          <line num="2" count="2" type="stmt"/>
        </file>
        <file name="reducers.jsx" path="C:\Users\Rhaps\Desktop\React\Review\js\redux\reducers.jsx">
          <metrics statements="5" coveredstatements="5" conditionals="6" coveredconditionals="6" methods="2" coveredmethods="2"/>
          <line num="4" count="2" type="cond" truecount="1" falsecount="0"/>
          <line num="5" count="9" type="cond" truecount="2" falsecount="0"/>
          <line num="7" count="2" type="cond" truecount="1" falsecount="0"/>
          <line num="8" count="9" type="cond" truecount="2" falsecount="0"/>
          <line num="10" count="2" type="stmt"/>
        </file>
        <file name="store.jsx" path="C:\Users\Rhaps\Desktop\React\Review\js\redux\store.jsx">
          <metrics statements="2" coveredstatements="2" conditionals="4" coveredconditionals="3" methods="1" coveredmethods="1"/>
          <line num="5" count="1" type="stmt"/>
          <line num="12" count="1" type="stmt"/>
        </file>
      </package>
    </metrics>
  </project>
</coverage>
