<?xml version="1.0" encoding="UTF-8"?>
<coverage generated="1500182895747" clover="3.2.0">
  <project timestamp="1500182895747" name="All files">
    <metrics statements="24" coveredstatements="15" conditionals="2" coveredconditionals="0" methods="17" coveredmethods="3" elements="43" coveredelements="18" complexity="0" loc="24" ncloc="24" packages="2" files="5" classes="5">
      <package name="js">
        <metrics statements="16" coveredstatements="10" conditionals="2" coveredconditionals="0" methods="11" coveredmethods="3"/>
        <file name="Header.jsx" path="C:\Users\Rhaps\Desktop\React\Review\js\Header.jsx">
          <metrics statements="8" coveredstatements="3" conditionals="2" coveredconditionals="0" methods="6" coveredmethods="0"/>
          <line num="6" count="1" type="stmt"/>
          <line num="11" count="0" type="cond" truecount="0" falsecount="2"/>
          <line num="13" count="0" type="stmt"/>
          <line num="21" count="0" type="stmt"/>
          <line num="24" count="0" type="stmt"/>
          <line num="33" count="1" type="stmt"/>
          <line num="36" count="1" type="stmt"/>
          <line num="37" count="0" type="stmt"/>
        </file>
        <file name="Search.jsx" path="C:\Users\Rhaps\Desktop\React\Review\js\Search.jsx">
          <metrics statements="6" coveredstatements="6" conditionals="0" coveredconditionals="0" methods="4" coveredmethods="3"/>
          <line num="6" count="1" type="stmt"/>
          <line num="10" count="1" type="stmt"/>
          <line num="16" count="32" type="stmt"/>
          <line num="20" count="32" type="stmt"/>
          <line num="24" count="1" type="stmt"/>
          <line num="25" count="1" type="stmt"/>
        </file>
        <file name="ShowCard.jsx" path="C:\Users\Rhaps\Desktop\React\Review\js\ShowCard.jsx">
          <metrics statements="2" coveredstatements="1" conditionals="0" coveredconditionals="0" methods="1" coveredmethods="0"/>
          <line num="4" count="1" type="stmt"/>
          <line num="11" count="0" type="stmt"/>
        </file>
      </package>
      <package name="js.redux">
        <metrics statements="8" coveredstatements="5" conditionals="0" coveredconditionals="0" methods="6" coveredmethods="0"/>
        <file name="actionCreators.jsx" path="C:\Users\Rhaps\Desktop\React\Review\js\redux\actionCreators.jsx">
          <metrics statements="6" coveredstatements="3" conditionals="0" coveredconditionals="0" methods="6" coveredmethods="0"/>
          <line num="5" count="1" type="stmt"/>
          <line num="9" count="1" type="stmt"/>
          <line num="14" count="1" type="stmt"/>
          <line num="15" count="0" type="stmt"/>
          <line num="18" count="0" type="stmt"/>
          <line num="20" count="0" type="stmt"/>
        </file>
        <file name="actions.jsx" path="C:\Users\Rhaps\Desktop\React\Review\js\redux\actions.jsx">
          <metrics statements="2" coveredstatements="2" conditionals="0" coveredconditionals="0" methods="0" coveredmethods="0"/>
          <line num="1" count="1" type="stmt"/>
          <line num="2" count="1" type="stmt"/>
        </file>
      </package>
    </metrics>
  </project>
</coverage>
