{"C:\\Users\\Rhaps\\Desktop\\React\\Review\\js\\Header.jsx": {"path":"C:\\Users\\Rhaps\\Desktop\\React\\Review\\js\\Header.jsx","statementMap":{"0":{"start":{"line":6,"column":15},"end":{"line":31,"column":1}},"1":{"start":{"line":11,"column":20},"end":{"line":20,"column":11}},"2":{"start":{"line":13,"column":23},"end":{"line":13,"column":58}},"3":{"start":{"line":21,"column":2},"end":{"line":30,"column":4}},"4":{"start":{"line":24,"column":36},"end":{"line":24,"column":59}},"5":{"start":{"line":33,"column":24},"end":{"line":35,"column":2}},"6":{"start":{"line":33,"column":34},"end":{"line":35,"column":1}},"7":{"start":{"line":36,"column":27},"end":{"line":38,"column":2}},"8":{"start":{"line":36,"column":40},"end":{"line":38,"column":1}},"9":{"start":{"line":37,"column":31},"end":{"line":37,"column":66}}},"fnMap":{"0":{"name":"(anonymous_0)","decl":{"start":{"line":6,"column":15},"end":{"line":6,"column":16}},"loc":{"start":{"line":10,"column":6},"end":{"line":31,"column":1}},"line":10},"1":{"name":"(anonymous_1)","decl":{"start":{"line":13,"column":18},"end":{"line":13,"column":19}},"loc":{"start":{"line":13,"column":23},"end":{"line":13,"column":58}},"line":13},"2":{"name":"(anonymous_2)","decl":{"start":{"line":24,"column":30},"end":{"line":24,"column":31}},"loc":{"start":{"line":24,"column":36},"end":{"line":24,"column":59}},"line":24},"3":{"name":"(anonymous_3)","decl":{"start":{"line":33,"column":24},"end":{"line":33,"column":25}},"loc":{"start":{"line":33,"column":34},"end":{"line":35,"column":1}},"line":33},"4":{"name":"(anonymous_4)","decl":{"start":{"line":36,"column":27},"end":{"line":36,"column":28}},"loc":{"start":{"line":36,"column":40},"end":{"line":38,"column":1}},"line":36},"5":{"name":"(anonymous_5)","decl":{"start":{"line":37,"column":17},"end":{"line":37,"column":18}},"loc":{"start":{"line":37,"column":31},"end":{"line":37,"column":66}},"line":37}},"branchMap":{"0":{"loc":{"start":{"line":11,"column":20},"end":{"line":20,"column":11}},"type":"cond-expr","locations":[{"start":{"line":12,"column":6},"end":{"line":17,"column":8}},{"start":{"line":18,"column":6},"end":{"line":20,"column":11}}],"line":11}},"s":{"0":1,"1":0,"2":0,"3":0,"4":0,"5":1,"6":0,"7":1,"8":0,"9":0},"f":{"0":0,"1":0,"2":0,"3":0,"4":0,"5":0},"b":{"0":[0,0]},"_coverageSchema":"332fd63041d2c1bcb487cc26dd0d5f7d97098a6c","hash":"46f8c1ef3d0603ed2d5bcee85aae5f46dea6f76b"}
,"C:\\Users\\Rhaps\\Desktop\\React\\Review\\js\\Search.jsx": {"path":"C:\\Users\\Rhaps\\Desktop\\React\\Review\\js\\Search.jsx","statementMap":{"0":{"start":{"line":6,"column":15},"end":{"line":22,"column":8}},"1":{"start":{"line":10,"column":2},"end":{"line":22,"column":8}},"2":{"start":{"line":16,"column":12},"end":{"line":18,"column":59}},"3":{"start":{"line":20,"column":21},"end":{"line":20,"column":61}},"4":{"start":{"line":24,"column":24},"end":{"line":24,"column":67}},"5":{"start":{"line":24,"column":34},"end":{"line":24,"column":66}},"6":{"start":{"line":25,"column":25},"end":{"line":25,"column":31}}},"fnMap":{"0":{"name":"(anonymous_0)","decl":{"start":{"line":6,"column":15},"end":{"line":6,"column":16}},"loc":{"start":{"line":10,"column":2},"end":{"line":22,"column":8}},"line":10},"1":{"name":"(anonymous_1)","decl":{"start":{"line":15,"column":10},"end":{"line":15,"column":11}},"loc":{"start":{"line":16,"column":12},"end":{"line":18,"column":59}},"line":16},"2":{"name":"(anonymous_2)","decl":{"start":{"line":20,"column":13},"end":{"line":20,"column":14}},"loc":{"start":{"line":20,"column":21},"end":{"line":20,"column":61}},"line":20},"3":{"name":"(anonymous_3)","decl":{"start":{"line":24,"column":24},"end":{"line":24,"column":25}},"loc":{"start":{"line":24,"column":34},"end":{"line":24,"column":66}},"line":24}},"branchMap":{},"s":{"0":1,"1":1,"2":32,"3":32,"4":1,"5":0,"6":1},"f":{"0":1,"1":32,"2":32,"3":0},"b":{},"_coverageSchema":"332fd63041d2c1bcb487cc26dd0d5f7d97098a6c","hash":"22d6f38a4b9f503c6f0744450342236265692413"}
,"C:\\Users\\Rhaps\\Desktop\\React\\Review\\js\\ShowCard.jsx": {"path":"C:\\Users\\Rhaps\\Desktop\\React\\Review\\js\\ShowCard.jsx","statementMap":{"0":{"start":{"line":4,"column":17},"end":{"line":23,"column":9}},"1":{"start":{"line":11,"column":2},"end":{"line":23,"column":9}}},"fnMap":{"0":{"name":"(anonymous_0)","decl":{"start":{"line":4,"column":17},"end":{"line":4,"column":18}},"loc":{"start":{"line":11,"column":2},"end":{"line":23,"column":9}},"line":11}},"branchMap":{},"s":{"0":1,"1":0},"f":{"0":0},"b":{},"_coverageSchema":"332fd63041d2c1bcb487cc26dd0d5f7d97098a6c","hash":"42868b2b0c0e18017e4335e190f092901e07146c"}
,"C:\\Users\\Rhaps\\Desktop\\React\\Review\\js\\redux\\actionCreators.jsx": {"path":"C:\\Users\\Rhaps\\Desktop\\React\\Review\\js\\redux\\actionCreators.jsx","statementMap":{"0":{"start":{"line":5,"column":29},"end":{"line":8,"column":2}},"1":{"start":{"line":5,"column":44},"end":{"line":8,"column":1}},"2":{"start":{"line":9,"column":26},"end":{"line":13,"column":2}},"3":{"start":{"line":9,"column":48},"end":{"line":13,"column":1}},"4":{"start":{"line":14,"column":29},"end":{"line":20,"column":48}},"5":{"start":{"line":14,"column":39},"end":{"line":20,"column":48}},"6":{"start":{"line":15,"column":2},"end":{"line":20,"column":48}},"7":{"start":{"line":18,"column":6},"end":{"line":18,"column":49}},"8":{"start":{"line":20,"column":20},"end":{"line":20,"column":47}}},"fnMap":{"0":{"name":"(anonymous_0)","decl":{"start":{"line":5,"column":29},"end":{"line":5,"column":30}},"loc":{"start":{"line":5,"column":44},"end":{"line":8,"column":1}},"line":5},"1":{"name":"(anonymous_1)","decl":{"start":{"line":9,"column":26},"end":{"line":9,"column":27}},"loc":{"start":{"line":9,"column":48},"end":{"line":13,"column":1}},"line":9},"2":{"name":"(anonymous_2)","decl":{"start":{"line":14,"column":29},"end":{"line":14,"column":30}},"loc":{"start":{"line":14,"column":39},"end":{"line":20,"column":48}},"line":14},"3":{"name":"(anonymous_3)","decl":{"start":{"line":14,"column":39},"end":{"line":14,"column":40}},"loc":{"start":{"line":15,"column":2},"end":{"line":20,"column":48}},"line":15},"4":{"name":"(anonymous_4)","decl":{"start":{"line":17,"column":10},"end":{"line":17,"column":11}},"loc":{"start":{"line":18,"column":6},"end":{"line":18,"column":49}},"line":18},"5":{"name":"(anonymous_5)","decl":{"start":{"line":20,"column":11},"end":{"line":20,"column":12}},"loc":{"start":{"line":20,"column":20},"end":{"line":20,"column":47}},"line":20}},"branchMap":{},"s":{"0":1,"1":0,"2":1,"3":0,"4":1,"5":0,"6":0,"7":0,"8":0},"f":{"0":0,"1":0,"2":0,"3":0,"4":0,"5":0},"b":{},"_coverageSchema":"332fd63041d2c1bcb487cc26dd0d5f7d97098a6c","hash":"ae3237f0f76d73d1c0eb9b2e7947eb30cc5e0d4d"}
,"C:\\Users\\Rhaps\\Desktop\\React\\Review\\js\\redux\\actions.jsx": {"path":"C:\\Users\\Rhaps\\Desktop\\React\\Review\\js\\redux\\actions.jsx","statementMap":{"0":{"start":{"line":1,"column":31},"end":{"line":1,"column":48}},"1":{"start":{"line":2,"column":28},"end":{"line":2,"column":42}}},"fnMap":{},"branchMap":{},"s":{"0":1,"1":1},"f":{},"b":{},"_coverageSchema":"332fd63041d2c1bcb487cc26dd0d5f7d97098a6c","hash":"7ce83004a34a171189d2ccf020b56a250e9a0683"}
}
