TN:
SF:C:\Users\Rhaps\Desktop\React\Review\js\Search.jsx
FN:6,(anonymous_0)
FN:13,(anonymous_1)
FN:16,(anonymous_2)
FN:32,(anonymous_3)
FN:37,(anonymous_4)
FNF:5
FNH:5
FNDA:3,(anonymous_0)
FNDA:1,(anonymous_1)
FNDA:4,(anonymous_2)
FNDA:84,(anonymous_3)
FNDA:65,(anonymous_4)
DA:7,3
DA:8,3
DA:9,3
DA:14,1
DA:17,4
DA:33,84
DA:37,65
LF:7
LH:7
BRF:0
BRH:0
end_of_record
TN:
SF:C:\Users\Rhaps\Desktop\React\Review\js\ShowCard.jsx
FN:20,(anonymous_0)
FNF:1
FNH:0
FNDA:0,(anonymous_0)
DA:5,1
DA:14,1
DA:20,1
DA:21,0
DA:33,1
LF:5
LH:4
BRF:0
BRH:0
end_of_record
